<?xml version="1.0" encoding="UTF-8"?>
<testsuite name="project.model.SearchStateTest" tests="2" skipped="0" failures="0" errors="0" timestamp="2022-06-05T09:45:00" hostname="Kylies-MacBook-Pro.local" time="0.004">
  <properties/>
  <testcase name="enterAnIngredientTest()" classname="project.model.SearchStateTest" time="0.002"/>
  <testcase name="searchIngredientTest()" classname="project.model.SearchStateTest" time="0.002"/>
  <system-out><![CDATA[]]></system-out>
  <system-err><![CDATA[]]></system-err>
</testsuite>
