<?xml version="1.0" encoding="UTF-8"?>
<testsuite name="project.model.LoginStateTest" tests="4" skipped="0" failures="0" errors="0" timestamp="2022-06-05T09:45:00" hostname="Kylies-MacBook-Pro.local" time="0.222">
  <properties/>
  <testcase name="loginTestFail()" classname="project.model.LoginStateTest" time="0.214"/>
  <testcase name="createUserTestSuccess()" classname="project.model.LoginStateTest" time="0.002"/>
  <testcase name="loginTestSuccess()" classname="project.model.LoginStateTest" time="0.002"/>
  <testcase name="createUserTestFail()" classname="project.model.LoginStateTest" time="0.001"/>
  <system-out><![CDATA[]]></system-out>
  <system-err><![CDATA[]]></system-err>
</testsuite>
