<?xml version="1.0" encoding="UTF-8"?>
<testsuite name="project.model.SelectedFoodStateTest" tests="3" skipped="0" failures="0" errors="0" timestamp="2022-06-05T09:45:00" hostname="Kylies-MacBook-Pro.local" time="0.009">
  <properties/>
  <testcase name="selectAFoodNullTest()" classname="project.model.SelectedFoodStateTest" time="0.002"/>
  <testcase name="checkIfCachedVersionTest()" classname="project.model.SelectedFoodStateTest" time="0.002"/>
  <testcase name="selectAFoodTest()" classname="project.model.SelectedFoodStateTest" time="0.004"/>
  <system-out><![CDATA[]]></system-out>
  <system-err><![CDATA[]]></system-err>
</testsuite>
