<?xml version="1.0" encoding="UTF-8"?>
<testsuite name="project.model.OutputOnlineTest" tests="8" skipped="0" failures="0" errors="0" timestamp="2022-06-05T09:45:00" hostname="Kylies-MacBook-Pro.local" time="0.058">
  <properties/>
  <testcase name="outputValidTest()" classname="project.model.OutputOnlineTest" time="0.037"/>
  <testcase name="postToRedditValidTest()" classname="project.model.OutputOnlineTest" time="0.003"/>
  <testcase name="outputErrorTest()" classname="project.model.OutputOnlineTest" time="0.002"/>
  <testcase name="postToRedditErrorTest()" classname="project.model.OutputOnlineTest" time="0.002"/>
  <testcase name="getAccessTokenError()" classname="project.model.OutputOnlineTest" time="0.002"/>
  <testcase name="getAccessTokenValid()" classname="project.model.OutputOnlineTest" time="0.001"/>
  <testcase name="postToRedditErrorParseTest()" classname="project.model.OutputOnlineTest" time="0.002"/>
  <testcase name="getAccessTokenParseError()" classname="project.model.OutputOnlineTest" time="0.002"/>
  <system-out><![CDATA[]]></system-out>
  <system-err><![CDATA[]]></system-err>
</testsuite>
