<?xml version="1.0" encoding="UTF-8"?>
<testsuite name="project.model.MaximumNutrientsStateTest" tests="3" skipped="0" failures="0" errors="0" timestamp="2022-06-05T09:45:00" hostname="Kylies-MacBook-Pro.local" time="0.006">
  <properties/>
  <testcase name="setMaximumTotalNutrientValueNegativeQuantityTest()" classname="project.model.MaximumNutrientsStateTest" time="0.002"/>
  <testcase name="setMaximumTotalNutrientValueValidQuantityTest()" classname="project.model.MaximumNutrientsStateTest" time="0.001"/>
  <testcase name="setMaximumTotalNutrientValueZeroQuantityTest()" classname="project.model.MaximumNutrientsStateTest" time="0.001"/>
  <system-out><![CDATA[]]></system-out>
  <system-err><![CDATA[]]></system-err>
</testsuite>
