<?xml version="1.0" encoding="UTF-8"?>
<testsuite name="project.model.OutputJsonParserTest" tests="7" skipped="0" failures="0" errors="0" timestamp="2022-06-05T09:45:00" hostname="Kylies-MacBook-Pro.local" time="0.01">
  <properties/>
  <testcase name="getOutputLinkNull()" classname="project.model.OutputJsonParserTest" time="0.001"/>
  <testcase name="getAccessTokenNull()" classname="project.model.OutputJsonParserTest" time="0.002"/>
  <testcase name="getAccessTokenError()" classname="project.model.OutputJsonParserTest" time="0.001"/>
  <testcase name="getAccessTokenValid()" classname="project.model.OutputJsonParserTest" time="0.0"/>
  <testcase name="getOutputLinkError()" classname="project.model.OutputJsonParserTest" time="0.001"/>
  <testcase name="getOutputLinkValid()" classname="project.model.OutputJsonParserTest" time="0.001"/>
  <testcase name="getAccessTokenInvalidLogin()" classname="project.model.OutputJsonParserTest" time="0.001"/>
  <system-out><![CDATA[]]></system-out>
  <system-err><![CDATA[]]></system-err>
</testsuite>
