<?xml version="1.0" encoding="UTF-8"?>
<testsuite name="project.model.SavedFoodStateTest" tests="3" skipped="0" failures="0" errors="0" timestamp="2022-06-05T09:45:00" hostname="Kylies-MacBook-Pro.local" time="0.035">
  <properties/>
  <testcase name="outputTest()" classname="project.model.SavedFoodStateTest" time="0.03"/>
  <testcase name="saveFoodTest()" classname="project.model.SavedFoodStateTest" time="0.002"/>
  <testcase name="outputNothingSavedTest()" classname="project.model.SavedFoodStateTest" time="0.002"/>
  <system-out><![CDATA[]]></system-out>
  <system-err><![CDATA[]]></system-err>
</testsuite>
