<?xml version="1.0" encoding="UTF-8"?>
<testsuite name="project.model.TotalNutrientsTest" tests="1" skipped="0" failures="0" errors="0" timestamp="2022-06-05T09:45:00" hostname="Kylies-MacBook-Pro.local" time="0.0">
  <properties/>
  <testcase name="copyTest()" classname="project.model.TotalNutrientsTest" time="0.0"/>
  <system-out><![CDATA[]]></system-out>
  <system-err><![CDATA[]]></system-err>
</testsuite>
