<?xml version="1.0" encoding="UTF-8"?>
<testsuite name="project.model.ModelOfflineTest" tests="1" skipped="0" failures="0" errors="0" timestamp="2022-06-05T09:45:00" hostname="Kylies-MacBook-Pro.local" time="0.08">
  <properties/>
  <testcase name="updateTest()" classname="project.model.ModelOfflineTest" time="0.08"/>
  <system-out><![CDATA[]]></system-out>
  <system-err><![CDATA[]]></system-err>
</testsuite>
